-------------------------------------------------------------------------------
Test set: com.nv.category.ThemChuyenDiTest
-------------------------------------------------------------------------------
Tests run: 1, Failures: 0, Errors: 1, Skipped: 0, Time elapsed: 0.036 s <<< FAILURE! - in com.nv.category.ThemChuyenDiTest
themThanhCong  Time elapsed: 0.027 s  <<< ERROR!
java.lang.NullPointerException
	at com.nv.saleticketapp/com.nv.category.ThemChuyenDiTest.themThanhCong(ThemChuyenDiTest.java:65)

